2023-04-18 20:44:10 INFO  Log:14 - ***************
2023-04-18 20:44:10 INFO  Log:15 - ***************
2023-04-18 20:44:10 INFO  Log:16 - *******This is the beginning of my Test case***********
2023-04-18 20:44:10 INFO  Log:28 - My test case is executing right now
2023-04-18 20:44:10 INFO  Log:32 - My test case might have some trivial issues
2023-04-18 20:44:19 INFO  Log:28 - This test case is about to get completed
2023-04-18 20:44:19 INFO  Log:22 - ################
2023-04-18 20:44:19 INFO  Log:23 - ################
2023-04-18 20:44:19 INFO  Log:24 - ############This test case is finished###########
2023-04-18 21:56:22 INFO  Log:14 - ***************
2023-04-18 21:56:22 INFO  Log:15 - ***************
2023-04-18 21:56:22 INFO  Log:16 - *******This is the beginning of my Test case***********
2023-04-18 21:56:22 INFO  Log:28 - My test case is executing right now
2023-04-18 21:56:22 INFO  Log:32 - My test case might have some trivial issues
2023-04-18 21:56:32 INFO  Log:28 - This test case is about to get completed
2023-04-18 21:56:32 INFO  Log:22 - ################
2023-04-18 21:56:32 INFO  Log:23 - ################
2023-04-18 21:56:32 INFO  Log:24 - ############This test case is finished###########
2023-04-18 22:05:44 INFO  Log:14 - ***************
2023-04-18 22:05:44 INFO  Log:15 - ***************
2023-04-18 22:05:44 INFO  Log:16 - *******This is the beginning of my Test case***********
2023-04-18 22:05:44 INFO  Log:28 - My test case is executing right now
2023-04-18 22:05:44 INFO  Log:32 - My test case might have some trivial issues
2023-04-18 22:05:53 INFO  Log:28 - This test case is about to get completed
2023-04-18 22:05:53 INFO  Log:22 - ################
2023-04-18 22:05:53 INFO  Log:23 - ################
2023-04-18 22:05:53 INFO  Log:24 - ############This test case is finished###########
2023-04-24 13:51:13 INFO  Log:14 - ***************
2023-04-24 13:51:13 INFO  Log:15 - ***************
2023-04-24 13:51:13 INFO  Log:16 - *******This is the beginning of my Test case***********
2023-04-24 13:51:13 INFO  Log:28 - My test case is executing right now
2023-04-24 13:51:13 INFO  Log:32 - My test case might have some trivial issues
2023-04-24 13:51:23 INFO  Log:28 - This test case is about to get completed
2023-04-24 13:51:23 INFO  Log:22 - ################
2023-04-24 13:51:23 INFO  Log:23 - ################
2023-04-24 13:51:23 INFO  Log:24 - ############This test case is finished###########
2023-05-13 12:28:58 INFO  Log:14 - ***************
2023-05-13 12:28:58 INFO  Log:15 - ***************
2023-05-13 12:28:58 INFO  Log:16 - *******This is the beginning of my Test case***********
2023-05-13 12:28:58 INFO  Log:28 - My test case is executing right now
2023-05-13 12:28:58 INFO  Log:32 - My test case might have some trivial issues
2023-05-13 12:28:59 INFO  Log:28 - This test case is about to get completed
2023-05-13 12:28:59 INFO  Log:22 - ################
2023-05-13 12:28:59 INFO  Log:23 - ################
2023-05-13 12:28:59 INFO  Log:24 - ############This test case is finished###########
2023-05-13 12:30:44 INFO  Log:14 - ***************
2023-05-13 12:30:44 INFO  Log:15 - ***************
2023-05-13 12:30:44 INFO  Log:16 - *******This is the beginning of my Test case***********
2023-05-13 12:30:44 INFO  Log:28 - My test case is executing right now
2023-05-13 12:30:44 INFO  Log:32 - My test case might have some trivial issues
2023-05-13 12:30:54 INFO  Log:28 - This test case is about to get completed
2023-05-13 12:30:54 INFO  Log:22 - ################
2023-05-13 12:30:54 INFO  Log:23 - ################
2023-05-13 12:30:54 INFO  Log:24 - ############This test case is finished###########
2023-05-13 12:32:28 INFO  Log:14 - ***************
2023-05-13 12:32:28 INFO  Log:15 - ***************
2023-05-13 12:32:28 INFO  Log:16 - *******This is the beginning of my Test case***********
2023-05-13 12:32:28 INFO  Log:28 - My test case is executing right now
2023-05-13 12:32:28 INFO  Log:32 - My test case might have some trivial issues
2023-05-13 12:32:39 INFO  Log:28 - This test case is about to get completed
2023-05-13 12:32:39 INFO  Log:22 - ################
2023-05-13 12:32:39 INFO  Log:23 - ################
2023-05-13 12:32:39 INFO  Log:24 - ############This test case is finished###########
2023-05-13 12:34:56 INFO  Log:14 - ***************
2023-05-13 12:34:56 INFO  Log:15 - ***************
2023-05-13 12:34:56 INFO  Log:16 - *******This is the beginning of my Test case***********
2023-05-13 12:34:56 INFO  Log:28 - My test case is executing right now
2023-05-13 12:34:56 INFO  Log:32 - My test case might have some trivial issues
2023-05-13 12:35:07 INFO  Log:28 - This test case is about to get completed
2023-05-13 12:35:07 INFO  Log:22 - ################
2023-05-13 12:35:07 INFO  Log:23 - ################
2023-05-13 12:35:07 INFO  Log:24 - ############This test case is finished###########
2023-05-23 20:09:59 INFO  Log:14 - ***************
2023-05-23 20:09:59 INFO  Log:15 - ***************
2023-05-23 20:09:59 INFO  Log:16 - *******This is the beginning of my Test case***********
2023-05-23 20:09:59 INFO  Log:28 - My test case is executing right now
2023-05-23 20:09:59 INFO  Log:32 - My test case might have some trivial issues
2023-05-23 20:10:11 INFO  Log:28 - This test case is about to get completed
2023-05-23 20:10:11 INFO  Log:22 - ################
2023-05-23 20:10:11 INFO  Log:23 - ################
2023-05-23 20:10:11 INFO  Log:24 - ############This test case is finished###########
2023-05-23 22:15:25 INFO  Log:14 - ***************
2023-05-23 22:15:25 INFO  Log:15 - ***************
2023-05-23 22:15:25 INFO  Log:16 - *******This is the beginning of my Test case***********
2023-05-23 22:15:25 INFO  Log:28 - My test case is executing right now
2023-05-23 22:15:25 INFO  Log:32 - My test case might have some trivial issues
2023-05-23 22:15:38 INFO  Log:28 - This test case is about to get completed
2023-05-23 22:15:38 INFO  Log:22 - ################
2023-05-23 22:15:38 INFO  Log:23 - ################
2023-05-23 22:15:38 INFO  Log:24 - ############This test case is finished###########
2023-05-23 22:31:39 INFO  Log:14 - ***************
2023-05-23 22:31:39 INFO  Log:15 - ***************
2023-05-23 22:31:39 INFO  Log:16 - *******This is the beginning of my Test case***********
2023-05-23 22:31:39 INFO  Log:28 - My test case is executing right now
2023-05-23 22:31:39 INFO  Log:32 - My test case might have some trivial issues
2023-05-23 22:31:52 INFO  Log:28 - This test case is about to get completed
2023-05-23 22:31:52 INFO  Log:22 - ################
2023-05-23 22:31:52 INFO  Log:23 - ################
2023-05-23 22:31:52 INFO  Log:24 - ############This test case is finished###########
2023-05-27 11:13:58 INFO  Log:14 - ***************
2023-05-27 11:13:58 INFO  Log:15 - ***************
2023-05-27 11:13:58 INFO  Log:16 - *******This is the beginning of my Test case***********
2023-05-27 11:13:58 INFO  Log:28 - My test case is executing right now
2023-05-27 11:13:58 INFO  Log:32 - My test case might have some trivial issues
2023-05-27 11:14:01 INFO  Log:28 - This test case is about to get completed
2023-05-27 11:14:01 INFO  Log:22 - ################
2023-05-27 11:14:01 INFO  Log:23 - ################
2023-05-27 11:14:01 INFO  Log:24 - ############This test case is finished###########
2023-05-30 21:34:51 INFO  Log:14 - ***************
2023-05-30 21:34:51 INFO  Log:15 - ***************
2023-05-30 21:34:51 INFO  Log:16 - *******This is the beginning of my Test case***********
2023-05-30 21:34:51 INFO  Log:28 - My test case is executing right now
2023-05-30 21:34:51 INFO  Log:32 - My test case might have some trivial issues
2023-05-30 21:35:16 INFO  Log:28 - This test case is about to get completed
2023-05-30 21:35:16 INFO  Log:22 - ################
2023-05-30 21:35:16 INFO  Log:23 - ################
2023-05-30 21:35:16 INFO  Log:24 - ############This test case is finished###########
